<?xml version="1.0" encoding="UTF-8"?>
<testng-results ignored="0" total="3" passed="3" failed="0" skipped="0">
  <reporter-output>
  </reporter-output>
  <suite started-at="2023-03-21T11:43:33 IST" name="Default suite" finished-at="2023-03-21T11:43:40 IST" duration-ms="7162">
    <groups>
    </groups>
    <test started-at="2023-03-21T11:43:33 IST" name="Default test" finished-at="2023-03-21T11:43:40 IST" duration-ms="7162">
      <class name="emp.TC_005">
        <test-method is-config="true" signature="setUp()[pri:0, instance:emp.TC_005@26275bef]" started-at="2023-03-21T11:43:33 IST" name="setUp" finished-at="2023-03-21T11:43:33 IST" duration-ms="149" status="PASS">
          <reporter-output>
          </reporter-output>
        </test-method> <!-- setUp -->
        <test-method is-config="true" signature="deleteEmployee()[pri:0, instance:emp.TC_005@26275bef]" started-at="2023-03-21T11:43:33 IST" name="deleteEmployee" finished-at="2023-03-21T11:43:40 IST" duration-ms="6937" status="PASS">
          <reporter-output>
          </reporter-output>
        </test-method> <!-- deleteEmployee -->
        <test-method signature="checkResponseBody()[pri:0, instance:emp.TC_005@26275bef]" started-at="2023-03-21T11:43:40 IST" name="checkResponseBody" finished-at="2023-03-21T11:43:40 IST" duration-ms="7" status="PASS">
          <reporter-output>
          </reporter-output>
        </test-method> <!-- checkResponseBody -->
        <test-method signature="checkStatusCode()[pri:0, instance:emp.TC_005@26275bef]" started-at="2023-03-21T11:43:40 IST" name="checkStatusCode" finished-at="2023-03-21T11:43:40 IST" duration-ms="5" status="PASS">
          <reporter-output>
          </reporter-output>
        </test-method> <!-- checkStatusCode -->
        <test-method signature="setUp()[pri:0, instance:emp.TC_005@26275bef]" started-at="2023-03-21T11:43:40 IST" name="setUp" finished-at="2023-03-21T11:43:40 IST" duration-ms="3" status="PASS">
          <reporter-output>
          </reporter-output>
        </test-method> <!-- setUp -->
        <test-method is-config="true" signature="tearDown()[pri:0, instance:emp.TC_005@26275bef]" started-at="2023-03-21T11:43:40 IST" name="tearDown" finished-at="2023-03-21T11:43:40 IST" duration-ms="1" status="PASS">
          <reporter-output>
          </reporter-output>
        </test-method> <!-- tearDown -->
      </class> <!-- emp.TC_005 -->
    </test> <!-- Default test -->
  </suite> <!-- Default suite -->
</testng-results>
