<?xml version="1.0" encoding="UTF-8"?>
<!-- Generated by org.testng.reporters.JUnitXMLReporter -->
<testsuite ignored="0" hostname="Loki" failures="0" tests="3" name="Default test" time="7.162" errors="0" timestamp="2023-03-21T11:43:40 IST">
  <testcase classname="emp.TC_005" name="checkResponseBody" time="0.007"/>
  <testcase classname="emp.TC_005" name="checkStatusCode" time="0.005"/>
  <testcase classname="com.employeeapi.base.TestBase" name="setUp" time="0.003"/>
</testsuite> <!-- Default test -->
